<?xml version="1.0" encoding="UTF-8"?>
<coverage generated="1764915317418" clover="3.2.0">
  <project timestamp="1764915317419" name="All files">
    <metrics statements="40" coveredstatements="39" conditionals="4" coveredconditionals="4" methods="13" coveredmethods="12" elements="57" coveredelements="55" complexity="0" loc="40" ncloc="40" packages="7" files="9" classes="9"/>
    <package name="src.events">
      <metrics statements="1" coveredstatements="1" conditionals="0" coveredconditionals="0" methods="0" coveredmethods="0"/>
      <file name="IMessageBroker.ts" path="C:\Users\yurex\OneDrive\Documentos\Projetos\ecommerce-ms\shipping-svc\src\events\IMessageBroker.ts">
        <metrics statements="1" coveredstatements="1" conditionals="0" coveredconditionals="0" methods="0" coveredmethods="0"/>
        <line num="8" count="2" type="stmt"/>
      </file>
    </package>
    <package name="src.shipping">
      <metrics statements="6" coveredstatements="6" conditionals="0" coveredconditionals="0" methods="2" coveredmethods="2"/>
      <file name="shipping.controller.ts" path="C:\Users\yurex\OneDrive\Documentos\Projetos\ecommerce-ms\shipping-svc\src\shipping\shipping.controller.ts">
        <metrics statements="6" coveredstatements="6" conditionals="0" coveredconditionals="0" methods="2" coveredmethods="2"/>
        <line num="1" count="2" type="stmt"/>
        <line num="3" count="2" type="stmt"/>
        <line num="6" count="2" type="stmt"/>
        <line num="8" count="4" type="stmt"/>
        <line num="11" count="2" type="stmt"/>
        <line num="12" count="4" type="stmt"/>
      </file>
    </package>
    <package name="src.shipping.models">
      <metrics statements="4" coveredstatements="3" conditionals="0" coveredconditionals="0" methods="1" coveredmethods="0"/>
      <file name="shipping.model.ts" path="C:\Users\yurex\OneDrive\Documentos\Projetos\ecommerce-ms\shipping-svc\src\shipping\models\shipping.model.ts">
        <metrics statements="4" coveredstatements="3" conditionals="0" coveredconditionals="0" methods="1" coveredmethods="0"/>
        <line num="1" count="1" type="stmt"/>
        <line num="20" count="1" type="stmt"/>
        <line num="25" count="0" type="stmt"/>
        <line num="55" count="1" type="stmt"/>
      </file>
    </package>
    <package name="src.shipping.repositories">
      <metrics statements="1" coveredstatements="1" conditionals="0" coveredconditionals="0" methods="0" coveredmethods="0"/>
      <file name="IShippingRepository.ts" path="C:\Users\yurex\OneDrive\Documentos\Projetos\ecommerce-ms\shipping-svc\src\shipping\repositories\IShippingRepository.ts">
        <metrics statements="1" coveredstatements="1" conditionals="0" coveredconditionals="0" methods="0" coveredmethods="0"/>
        <line num="10" count="4" type="stmt"/>
      </file>
    </package>
    <package name="src.shipping.repositories.implementations">
      <metrics statements="11" coveredstatements="11" conditionals="4" coveredconditionals="4" methods="4" coveredmethods="4"/>
      <file name="DBShippingRepository.ts" path="C:\Users\yurex\OneDrive\Documentos\Projetos\ecommerce-ms\shipping-svc\src\shipping\repositories\implementations\DBShippingRepository.ts">
        <metrics statements="11" coveredstatements="11" conditionals="4" coveredconditionals="4" methods="4" coveredmethods="4"/>
        <line num="2" count="1" type="stmt"/>
        <line num="5" count="1" type="stmt"/>
        <line num="7" count="1" type="stmt"/>
        <line num="8" count="1" type="stmt"/>
        <line num="12" count="2" type="stmt"/>
        <line num="13" count="2" type="cond" truecount="2" falsecount="0"/>
        <line num="17" count="2" type="stmt"/>
        <line num="18" count="2" type="cond" truecount="2" falsecount="0"/>
        <line num="22" count="2" type="stmt"/>
        <line num="26" count="2" type="stmt"/>
        <line num="27" count="2" type="stmt"/>
      </file>
    </package>
    <package name="src.shipping.useCases">
      <metrics statements="15" coveredstatements="15" conditionals="0" coveredconditionals="0" methods="4" coveredmethods="4"/>
      <file name="CreateShippingUseCase.ts" path="C:\Users\yurex\OneDrive\Documentos\Projetos\ecommerce-ms\shipping-svc\src\shipping\useCases\CreateShippingUseCase.ts">
        <metrics statements="9" coveredstatements="9" conditionals="0" coveredconditionals="0" methods="2" coveredmethods="2"/>
        <line num="1" count="2" type="stmt"/>
        <line num="2" count="2" type="stmt"/>
        <line num="3" count="2" type="stmt"/>
        <line num="7" count="2" type="stmt"/>
        <line num="9" count="4" type="stmt"/>
        <line num="10" count="4" type="stmt"/>
        <line num="14" count="2" type="stmt"/>
        <line num="18" count="2" type="stmt"/>
        <line num="20" count="2" type="stmt"/>
      </file>
      <file name="GetShippingUseCase.ts" path="C:\Users\yurex\OneDrive\Documentos\Projetos\ecommerce-ms\shipping-svc\src\shipping\useCases\GetShippingUseCase.ts">
        <metrics statements="6" coveredstatements="6" conditionals="0" coveredconditionals="0" methods="2" coveredmethods="2"/>
        <line num="1" count="3" type="stmt"/>
        <line num="2" count="3" type="stmt"/>
        <line num="6" count="3" type="stmt"/>
        <line num="8" count="5" type="stmt"/>
        <line num="12" count="5" type="stmt"/>
        <line num="13" count="5" type="stmt"/>
      </file>
    </package>
    <package name="test.mocks">
      <metrics statements="2" coveredstatements="2" conditionals="0" coveredconditionals="0" methods="2" coveredmethods="2"/>
      <file name="MessageBrokerMock.ts" path="C:\Users\yurex\OneDrive\Documentos\Projetos\ecommerce-ms\shipping-svc\test\mocks\MessageBrokerMock.ts">
        <metrics statements="1" coveredstatements="1" conditionals="0" coveredconditionals="0" methods="1" coveredmethods="1"/>
        <line num="4" count="4" type="stmt"/>
      </file>
      <file name="ShippingRepositoryMock.ts" path="C:\Users\yurex\OneDrive\Documentos\Projetos\ecommerce-ms\shipping-svc\test\mocks\ShippingRepositoryMock.ts">
        <metrics statements="1" coveredstatements="1" conditionals="0" coveredconditionals="0" methods="1" coveredmethods="1"/>
        <line num="4" count="6" type="stmt"/>
      </file>
    </package>
  </project>
</coverage>
