{"C:\\Users\\yurex\\OneDrive\\Documentos\\Projetos\\ecommerce-ms\\shipping-svc\\src\\events\\IMessageBroker.ts": {"path":"C:\\Users\\yurex\\OneDrive\\Documentos\\Projetos\\ecommerce-ms\\shipping-svc\\src\\events\\IMessageBroker.ts","statementMap":{"0":{"start":{"line":8,"column":13},"end":{"line":8,"column":55}}},"fnMap":{},"branchMap":{},"s":{"0":2},"f":{},"b":{}}
,"C:\\Users\\yurex\\OneDrive\\Documentos\\Projetos\\ecommerce-ms\\shipping-svc\\src\\shipping\\shipping.controller.ts": {"path":"C:\\Users\\yurex\\OneDrive\\Documentos\\Projetos\\ecommerce-ms\\shipping-svc\\src\\shipping\\shipping.controller.ts","statementMap":{"0":{"start":{"line":1,"column":0},"end":{"line":1,"column":56}},"1":{"start":{"line":3,"column":0},"end":{"line":3,"column":67}},"2":{"start":{"line":6,"column":7},"end":{"line":14,"column":null}},"3":{"start":{"line":8,"column":33},"end":{"line":8,"column":53}},"4":{"start":{"line":12,"column":8},"end":{"line":12,"column":51}},"5":{"start":{"line":6,"column":13},"end":{"line":6,"column":31}},"6":{"start":{"line":11,"column":10},"end":{"line":13,"column":null}},"7":{"start":{"line":6,"column":13},"end":{"line":14,"column":null}}},"fnMap":{"0":{"name":"(anonymous_4)","decl":{"start":{"line":8,"column":4},"end":{"line":8,"column":33}},"loc":{"start":{"line":8,"column":71},"end":{"line":8,"column":76}}},"1":{"name":"(anonymous_5)","decl":{"start":{"line":11,"column":10},"end":{"line":11,"column":25}},"loc":{"start":{"line":11,"column":49},"end":{"line":13,"column":5}}}},"branchMap":{},"s":{"0":2,"1":2,"2":2,"3":4,"4":4,"5":2,"6":2,"7":2},"f":{"0":4,"1":4},"b":{}}
,"C:\\Users\\yurex\\OneDrive\\Documentos\\Projetos\\ecommerce-ms\\shipping-svc\\src\\shipping\\models\\shipping.model.ts": {"path":"C:\\Users\\yurex\\OneDrive\\Documentos\\Projetos\\ecommerce-ms\\shipping-svc\\src\\shipping\\models\\shipping.model.ts","statementMap":{"0":{"start":{"line":1,"column":0},"end":{"line":1,"column":51}},"1":{"start":{"line":20,"column":13},"end":{"line":53,"column":2}},"2":{"start":{"line":25,"column":27},"end":{"line":25,"column":46}},"3":{"start":{"line":55,"column":13},"end":{"line":58,"column":2}}},"fnMap":{"0":{"name":"(anonymous_0)","decl":{"start":{"line":25,"column":21},"end":{"line":25,"column":24}},"loc":{"start":{"line":25,"column":27},"end":{"line":25,"column":46}}}},"branchMap":{},"s":{"0":1,"1":1,"2":0,"3":1},"f":{"0":0},"b":{}}
,"C:\\Users\\yurex\\OneDrive\\Documentos\\Projetos\\ecommerce-ms\\shipping-svc\\src\\shipping\\repositories\\IShippingRepository.ts": {"path":"C:\\Users\\yurex\\OneDrive\\Documentos\\Projetos\\ecommerce-ms\\shipping-svc\\src\\shipping\\repositories\\IShippingRepository.ts","statementMap":{"0":{"start":{"line":10,"column":13},"end":{"line":10,"column":null}}},"fnMap":{},"branchMap":{},"s":{"0":4},"f":{},"b":{}}
,"C:\\Users\\yurex\\OneDrive\\Documentos\\Projetos\\ecommerce-ms\\shipping-svc\\src\\shipping\\repositories\\implementations\\DBShippingRepository.ts": {"path":"C:\\Users\\yurex\\OneDrive\\Documentos\\Projetos\\ecommerce-ms\\shipping-svc\\src\\shipping\\repositories\\implementations\\DBShippingRepository.ts","statementMap":{"0":{"start":{"line":2,"column":0},"end":{"line":2,"column":60}},"1":{"start":{"line":7,"column":25},"end":{"line":7,"column":57}},"2":{"start":{"line":8,"column":8},"end":{"line":8,"column":45}},"3":{"start":{"line":12,"column":25},"end":{"line":12,"column":60}},"4":{"start":{"line":13,"column":8},"end":{"line":13,"column":63}},"5":{"start":{"line":17,"column":24},"end":{"line":17,"column":71}},"6":{"start":{"line":18,"column":8},"end":{"line":18,"column":61}},"7":{"start":{"line":22,"column":8},"end":{"line":25,"column":10}},"8":{"start":{"line":26,"column":24},"end":{"line":26,"column":72}},"9":{"start":{"line":27,"column":8},"end":{"line":27,"column":44}},"10":{"start":{"line":5,"column":0},"end":{"line":5,"column":13}}},"fnMap":{"0":{"name":"(anonymous_0)","decl":{"start":{"line":6,"column":4},"end":{"line":6,"column":9}},"loc":{"start":{"line":6,"column":71},"end":{"line":9,"column":5}}},"1":{"name":"(anonymous_1)","decl":{"start":{"line":11,"column":4},"end":{"line":11,"column":9}},"loc":{"start":{"line":11,"column":29},"end":{"line":14,"column":5}}},"2":{"name":"(anonymous_2)","decl":{"start":{"line":16,"column":4},"end":{"line":16,"column":9}},"loc":{"start":{"line":16,"column":37},"end":{"line":19,"column":5}}},"3":{"name":"(anonymous_3)","decl":{"start":{"line":21,"column":4},"end":{"line":21,"column":9}},"loc":{"start":{"line":21,"column":35},"end":{"line":28,"column":5}}}},"branchMap":{"0":{"loc":{"start":{"line":13,"column":15},"end":{"line":13,"column":62}},"type":"cond-expr","locations":[{"start":{"line":13,"column":26},"end":{"line":13,"column":55}},{"start":{"line":13,"column":58},"end":{"line":13,"column":62}}]},"1":{"loc":{"start":{"line":18,"column":15},"end":{"line":18,"column":60}},"type":"cond-expr","locations":[{"start":{"line":18,"column":25},"end":{"line":18,"column":53}},{"start":{"line":18,"column":56},"end":{"line":18,"column":60}}]}},"s":{"0":1,"1":1,"2":1,"3":2,"4":2,"5":2,"6":2,"7":2,"8":2,"9":2,"10":1},"f":{"0":1,"1":2,"2":2,"3":2},"b":{"0":[1,1],"1":[1,1]}}
,"C:\\Users\\yurex\\OneDrive\\Documentos\\Projetos\\ecommerce-ms\\shipping-svc\\src\\shipping\\useCases\\CreateShippingUseCase.ts": {"path":"C:\\Users\\yurex\\OneDrive\\Documentos\\Projetos\\ecommerce-ms\\shipping-svc\\src\\shipping\\useCases\\CreateShippingUseCase.ts","statementMap":{"0":{"start":{"line":1,"column":0},"end":{"line":1,"column":52}},"1":{"start":{"line":2,"column":0},"end":{"line":2,"column":74}},"2":{"start":{"line":3,"column":0},"end":{"line":3,"column":61}},"3":{"start":{"line":7,"column":7},"end":{"line":22,"column":null}},"4":{"start":{"line":9,"column":54},"end":{"line":9,"column":93}},"5":{"start":{"line":10,"column":49},"end":{"line":10,"column":78}},"6":{"start":{"line":14,"column":24},"end":{"line":16,"column":null}},"7":{"start":{"line":18,"column":8},"end":{"line":18,"column":70}},"8":{"start":{"line":20,"column":8},"end":{"line":20,"column":24}},"9":{"start":{"line":7,"column":13},"end":{"line":7,"column":34}},"10":{"start":{"line":7,"column":13},"end":{"line":22,"column":null}}},"fnMap":{"0":{"name":"(anonymous_4)","decl":{"start":{"line":8,"column":4},"end":{"line":8,"column":null}},"loc":{"start":{"line":10,"column":78},"end":{"line":11,"column":9}}},"1":{"name":"(anonymous_5)","decl":{"start":{"line":13,"column":4},"end":{"line":13,"column":9}},"loc":{"start":{"line":13,"column":41},"end":{"line":21,"column":5}}}},"branchMap":{},"s":{"0":2,"1":2,"2":2,"3":2,"4":4,"5":4,"6":2,"7":2,"8":2,"9":2,"10":2},"f":{"0":4,"1":2},"b":{}}
,"C:\\Users\\yurex\\OneDrive\\Documentos\\Projetos\\ecommerce-ms\\shipping-svc\\src\\shipping\\useCases\\GetShippingUseCase.ts": {"path":"C:\\Users\\yurex\\OneDrive\\Documentos\\Projetos\\ecommerce-ms\\shipping-svc\\src\\shipping\\useCases\\GetShippingUseCase.ts","statementMap":{"0":{"start":{"line":1,"column":0},"end":{"line":1,"column":52}},"1":{"start":{"line":2,"column":0},"end":{"line":2,"column":74}},"2":{"start":{"line":6,"column":7},"end":{"line":15,"column":null}},"3":{"start":{"line":8,"column":54},"end":{"line":8,"column":93}},"4":{"start":{"line":12,"column":25},"end":{"line":12,"column":75}},"5":{"start":{"line":13,"column":8},"end":{"line":13,"column":null}},"6":{"start":{"line":6,"column":13},"end":{"line":6,"column":31}},"7":{"start":{"line":6,"column":13},"end":{"line":15,"column":null}}},"fnMap":{"0":{"name":"(anonymous_4)","decl":{"start":{"line":7,"column":4},"end":{"line":7,"column":null}},"loc":{"start":{"line":8,"column":93},"end":{"line":9,"column":9}}},"1":{"name":"(anonymous_5)","decl":{"start":{"line":11,"column":4},"end":{"line":11,"column":9}},"loc":{"start":{"line":11,"column":28},"end":{"line":14,"column":5}}}},"branchMap":{},"s":{"0":3,"1":3,"2":3,"3":5,"4":5,"5":5,"6":3,"7":3},"f":{"0":5,"1":5},"b":{}}
,"C:\\Users\\yurex\\OneDrive\\Documentos\\Projetos\\ecommerce-ms\\shipping-svc\\test\\mocks\\MessageBrokerMock.ts": {"path":"C:\\Users\\yurex\\OneDrive\\Documentos\\Projetos\\ecommerce-ms\\shipping-svc\\test\\mocks\\MessageBrokerMock.ts","statementMap":{"0":{"start":{"line":4,"column":33},"end":{"line":8,"column":2}},"1":{"start":{"line":4,"column":69},"end":{"line":8,"column":2}},"2":{"start":{"line":4,"column":13},"end":{"line":4,"column":33}}},"fnMap":{"0":{"name":"(anonymous_0)","decl":{"start":{"line":4,"column":33},"end":{"line":4,"column":65}},"loc":{"start":{"line":4,"column":69},"end":{"line":8,"column":2}}}},"branchMap":{},"s":{"0":2,"1":4,"2":2},"f":{"0":4},"b":{}}
,"C:\\Users\\yurex\\OneDrive\\Documentos\\Projetos\\ecommerce-ms\\shipping-svc\\test\\mocks\\ShippingRepositoryMock.ts": {"path":"C:\\Users\\yurex\\OneDrive\\Documentos\\Projetos\\ecommerce-ms\\shipping-svc\\test\\mocks\\ShippingRepositoryMock.ts","statementMap":{"0":{"start":{"line":4,"column":38},"end":{"line":9,"column":2}},"1":{"start":{"line":4,"column":79},"end":{"line":9,"column":2}},"2":{"start":{"line":4,"column":13},"end":{"line":4,"column":38}}},"fnMap":{"0":{"name":"(anonymous_0)","decl":{"start":{"line":4,"column":38},"end":{"line":4,"column":75}},"loc":{"start":{"line":4,"column":79},"end":{"line":9,"column":2}}}},"branchMap":{},"s":{"0":4,"1":6,"2":4},"f":{"0":6},"b":{}}
}
