{"C:\\Users\\yurex\\OneDrive\\Documentos\\Projetos\\ecommerce-ms\\bff-api\\src\\controllers\\checkout.controller.ts": {"path":"C:\\Users\\yurex\\OneDrive\\Documentos\\Projetos\\ecommerce-ms\\bff-api\\src\\controllers\\checkout.controller.ts","statementMap":{"0":{"start":{"line":1,"column":0},"end":{"line":1,"column":68}},"1":{"start":{"line":2,"column":0},"end":{"line":2,"column":63}},"2":{"start":{"line":3,"column":0},"end":{"line":3,"column":69}},"3":{"start":{"line":7,"column":7},"end":{"line":17,"column":null}},"4":{"start":{"line":8,"column":33},"end":{"line":8,"column":50}},"5":{"start":{"line":15,"column":8},"end":{"line":15,"column":56}},"6":{"start":{"line":7,"column":13},"end":{"line":7,"column":31}},"7":{"start":{"line":14,"column":10},"end":{"line":16,"column":null}},"8":{"start":{"line":7,"column":13},"end":{"line":17,"column":null}}},"fnMap":{"0":{"name":"(anonymous_4)","decl":{"start":{"line":8,"column":4},"end":{"line":8,"column":33}},"loc":{"start":{"line":8,"column":65},"end":{"line":8,"column":70}}},"1":{"name":"(anonymous_5)","decl":{"start":{"line":14,"column":10},"end":{"line":14,"column":25}},"loc":{"start":{"line":14,"column":49},"end":{"line":16,"column":5}}}},"branchMap":{},"s":{"0":1,"1":1,"2":1,"3":1,"4":1,"5":1,"6":1,"7":1,"8":1},"f":{"0":1,"1":1},"b":{}}
,"C:\\Users\\yurex\\OneDrive\\Documentos\\Projetos\\ecommerce-ms\\bff-api\\src\\controllers\\order.controller.ts": {"path":"C:\\Users\\yurex\\OneDrive\\Documentos\\Projetos\\ecommerce-ms\\bff-api\\src\\controllers\\order.controller.ts","statementMap":{"0":{"start":{"line":1,"column":0},"end":{"line":1,"column":75}},"1":{"start":{"line":2,"column":0},"end":{"line":2,"column":57}},"2":{"start":{"line":3,"column":0},"end":{"line":3,"column":63}},"3":{"start":{"line":4,"column":0},"end":{"line":4,"column":69}},"4":{"start":{"line":5,"column":0},"end":{"line":5,"column":69}},"5":{"start":{"line":6,"column":0},"end":{"line":6,"column":63}},"6":{"start":{"line":10,"column":7},"end":{"line":37,"column":null}},"7":{"start":{"line":12,"column":25},"end":{"line":12,"column":42}},"8":{"start":{"line":13,"column":25},"end":{"line":13,"column":39}},"9":{"start":{"line":20,"column":8},"end":{"line":20,"column":56}},"10":{"start":{"line":27,"column":8},"end":{"line":27,"column":61}},"11":{"start":{"line":35,"column":8},"end":{"line":35,"column":66}},"12":{"start":{"line":10,"column":13},"end":{"line":10,"column":28}},"13":{"start":{"line":19,"column":10},"end":{"line":21,"column":null}},"14":{"start":{"line":26,"column":10},"end":{"line":28,"column":null}},"15":{"start":{"line":33,"column":10},"end":{"line":36,"column":null}},"16":{"start":{"line":10,"column":13},"end":{"line":37,"column":null}}},"fnMap":{"0":{"name":"(anonymous_4)","decl":{"start":{"line":11,"column":4},"end":{"line":11,"column":null}},"loc":{"start":{"line":13,"column":51},"end":{"line":14,"column":9}}},"1":{"name":"(anonymous_5)","decl":{"start":{"line":19,"column":10},"end":{"line":19,"column":24}},"loc":{"start":{"line":19,"column":55},"end":{"line":21,"column":5}}},"2":{"name":"(anonymous_6)","decl":{"start":{"line":26,"column":10},"end":{"line":26,"column":22}},"loc":{"start":{"line":26,"column":56},"end":{"line":28,"column":5}}},"3":{"name":"(anonymous_7)","decl":{"start":{"line":33,"column":10},"end":{"line":33,"column":22}},"loc":{"start":{"line":34,"column":42},"end":{"line":36,"column":5}}}},"branchMap":{},"s":{"0":1,"1":1,"2":1,"3":1,"4":1,"5":1,"6":1,"7":3,"8":3,"9":1,"10":1,"11":1,"12":1,"13":1,"14":1,"15":1,"16":1},"f":{"0":3,"1":1,"2":1,"3":1},"b":{}}
,"C:\\Users\\yurex\\OneDrive\\Documentos\\Projetos\\ecommerce-ms\\bff-api\\src\\controllers\\payment.controller.ts": {"path":"C:\\Users\\yurex\\OneDrive\\Documentos\\Projetos\\ecommerce-ms\\bff-api\\src\\controllers\\payment.controller.ts","statementMap":{"0":{"start":{"line":1,"column":0},"end":{"line":1,"column":56}},"1":{"start":{"line":2,"column":0},"end":{"line":2,"column":61}},"2":{"start":{"line":3,"column":0},"end":{"line":3,"column":69}},"3":{"start":{"line":7,"column":7},"end":{"line":16,"column":null}},"4":{"start":{"line":8,"column":33},"end":{"line":8,"column":49}},"5":{"start":{"line":14,"column":8},"end":{"line":14,"column":61}},"6":{"start":{"line":7,"column":13},"end":{"line":7,"column":30}},"7":{"start":{"line":13,"column":10},"end":{"line":15,"column":null}},"8":{"start":{"line":7,"column":13},"end":{"line":16,"column":null}}},"fnMap":{"0":{"name":"(anonymous_4)","decl":{"start":{"line":8,"column":4},"end":{"line":8,"column":33}},"loc":{"start":{"line":8,"column":63},"end":{"line":8,"column":68}}},"1":{"name":"(anonymous_5)","decl":{"start":{"line":13,"column":10},"end":{"line":13,"column":26}},"loc":{"start":{"line":13,"column":60},"end":{"line":15,"column":5}}}},"branchMap":{},"s":{"0":1,"1":1,"2":1,"3":1,"4":1,"5":2,"6":1,"7":1,"8":1},"f":{"0":1,"1":2},"b":{}}
,"C:\\Users\\yurex\\OneDrive\\Documentos\\Projetos\\ecommerce-ms\\bff-api\\src\\controllers\\shipping.controller.ts": {"path":"C:\\Users\\yurex\\OneDrive\\Documentos\\Projetos\\ecommerce-ms\\bff-api\\src\\controllers\\shipping.controller.ts","statementMap":{"0":{"start":{"line":1,"column":0},"end":{"line":1,"column":62}},"1":{"start":{"line":2,"column":0},"end":{"line":2,"column":63}},"2":{"start":{"line":3,"column":0},"end":{"line":3,"column":69}},"3":{"start":{"line":7,"column":7},"end":{"line":16,"column":null}},"4":{"start":{"line":8,"column":33},"end":{"line":8,"column":50}},"5":{"start":{"line":14,"column":8},"end":{"line":14,"column":63}},"6":{"start":{"line":7,"column":13},"end":{"line":7,"column":31}},"7":{"start":{"line":13,"column":10},"end":{"line":15,"column":null}},"8":{"start":{"line":7,"column":13},"end":{"line":16,"column":null}}},"fnMap":{"0":{"name":"(anonymous_4)","decl":{"start":{"line":8,"column":4},"end":{"line":8,"column":33}},"loc":{"start":{"line":8,"column":65},"end":{"line":8,"column":70}}},"1":{"name":"(anonymous_5)","decl":{"start":{"line":13,"column":10},"end":{"line":13,"column":27}},"loc":{"start":{"line":13,"column":61},"end":{"line":15,"column":5}}}},"branchMap":{},"s":{"0":1,"1":1,"2":1,"3":1,"4":1,"5":1,"6":1,"7":1,"8":1},"f":{"0":1,"1":1},"b":{}}
,"C:\\Users\\yurex\\OneDrive\\Documentos\\Projetos\\ecommerce-ms\\bff-api\\src\\dto\\create-checkout.dto.ts": {"path":"C:\\Users\\yurex\\OneDrive\\Documentos\\Projetos\\ecommerce-ms\\bff-api\\src\\dto\\create-checkout.dto.ts","statementMap":{"0":{"start":{"line":1,"column":0},"end":{"line":1,"column":46}},"1":{"start":{"line":2,"column":0},"end":{"line":2,"column":60}},"2":{"start":{"line":4,"column":0},"end":{"line":4,"column":13}},"3":{"start":{"line":7,"column":4},"end":{"line":7,"column":null}},"4":{"start":{"line":17,"column":4},"end":{"line":17,"column":null}},"5":{"start":{"line":21,"column":4},"end":{"line":21,"column":null}}},"fnMap":{},"branchMap":{},"s":{"0":1,"1":1,"2":1,"3":1,"4":1,"5":1},"f":{},"b":{}}
,"C:\\Users\\yurex\\OneDrive\\Documentos\\Projetos\\ecommerce-ms\\bff-api\\src\\dto\\order-status.enum.ts": {"path":"C:\\Users\\yurex\\OneDrive\\Documentos\\Projetos\\ecommerce-ms\\bff-api\\src\\dto\\order-status.enum.ts","statementMap":{"0":{"start":{"line":1,"column":0},"end":{"line":1,"column":null}},"1":{"start":{"line":2,"column":2},"end":{"line":2,"column":null}},"2":{"start":{"line":3,"column":2},"end":{"line":3,"column":null}},"3":{"start":{"line":4,"column":2},"end":{"line":4,"column":null}},"4":{"start":{"line":5,"column":2},"end":{"line":5,"column":null}},"5":{"start":{"line":6,"column":2},"end":{"line":6,"column":null}}},"fnMap":{"0":{"name":"(anonymous_0)","decl":{"start":{"line":1,"column":0},"end":{"line":1,"column":12}},"loc":{"start":{"line":1,"column":23},"end":{"line":7,"column":1}}}},"branchMap":{"0":{"loc":{"start":{"line":1,"column":12},"end":{"line":1,"column":null}},"type":"binary-expr","locations":[{"start":{"line":1,"column":12},"end":{"line":1,"column":23}},{"start":{"line":1,"column":23},"end":{"line":1,"column":null}}]}},"s":{"0":1,"1":1,"2":1,"3":1,"4":1,"5":1},"f":{"0":1},"b":{"0":[1,1]}}
,"C:\\Users\\yurex\\OneDrive\\Documentos\\Projetos\\ecommerce-ms\\bff-api\\src\\dto\\update-orderStatus.dto.ts": {"path":"C:\\Users\\yurex\\OneDrive\\Documentos\\Projetos\\ecommerce-ms\\bff-api\\src\\dto\\update-orderStatus.dto.ts","statementMap":{"0":{"start":{"line":1,"column":0},"end":{"line":1,"column":46}},"1":{"start":{"line":2,"column":0},"end":{"line":2,"column":41}},"2":{"start":{"line":3,"column":0},"end":{"line":3,"column":50}},"3":{"start":{"line":5,"column":0},"end":{"line":5,"column":13}},"4":{"start":{"line":11,"column":4},"end":{"line":11,"column":null}}},"fnMap":{},"branchMap":{},"s":{"0":1,"1":1,"2":1,"3":1,"4":1},"f":{},"b":{}}
,"C:\\Users\\yurex\\OneDrive\\Documentos\\Projetos\\ecommerce-ms\\bff-api\\src\\services\\checkout.service.ts": {"path":"C:\\Users\\yurex\\OneDrive\\Documentos\\Projetos\\ecommerce-ms\\bff-api\\src\\services\\checkout.service.ts","statementMap":{"0":{"start":{"line":1,"column":0},"end":{"line":1,"column":44}},"1":{"start":{"line":2,"column":0},"end":{"line":2,"column":44}},"2":{"start":{"line":6,"column":7},"end":{"line":44,"column":null}},"3":{"start":{"line":8,"column":33},"end":{"line":8,"column":39}},"4":{"start":{"line":7,"column":21},"end":{"line":7,"column":null}},"5":{"start":{"line":11,"column":25},"end":{"line":13,"column":null}},"6":{"start":{"line":15,"column":8},"end":{"line":15,"column":20}},"7":{"start":{"line":19,"column":25},"end":{"line":20,"column":null}},"8":{"start":{"line":22,"column":8},"end":{"line":22,"column":20}},"9":{"start":{"line":26,"column":25},"end":{"line":28,"column":null}},"10":{"start":{"line":30,"column":8},"end":{"line":30,"column":20}},"11":{"start":{"line":34,"column":22},"end":{"line":34,"column":32}},"12":{"start":{"line":35,"column":25},"end":{"line":36,"column":null}},"13":{"start":{"line":38,"column":8},"end":{"line":42,"column":10}},"14":{"start":{"line":6,"column":13},"end":{"line":6,"column":28}},"15":{"start":{"line":6,"column":13},"end":{"line":44,"column":null}}},"fnMap":{"0":{"name":"(anonymous_2)","decl":{"start":{"line":8,"column":4},"end":{"line":8,"column":33}},"loc":{"start":{"line":8,"column":50},"end":{"line":8,"column":55}}},"1":{"name":"(anonymous_3)","decl":{"start":{"line":10,"column":4},"end":{"line":10,"column":9}},"loc":{"start":{"line":10,"column":33},"end":{"line":16,"column":5}}},"2":{"name":"(anonymous_4)","decl":{"start":{"line":18,"column":4},"end":{"line":18,"column":9}},"loc":{"start":{"line":18,"column":36},"end":{"line":23,"column":5}}},"3":{"name":"(anonymous_5)","decl":{"start":{"line":25,"column":4},"end":{"line":25,"column":9}},"loc":{"start":{"line":25,"column":59},"end":{"line":31,"column":5}}},"4":{"name":"(anonymous_6)","decl":{"start":{"line":33,"column":4},"end":{"line":33,"column":9}},"loc":{"start":{"line":33,"column":16},"end":{"line":43,"column":5}}}},"branchMap":{},"s":{"0":2,"1":2,"2":2,"3":0,"4":0,"5":0,"6":0,"7":0,"8":0,"9":0,"10":0,"11":0,"12":0,"13":0,"14":2,"15":2},"f":{"0":0,"1":0,"2":0,"3":0,"4":0},"b":{}}
,"C:\\Users\\yurex\\OneDrive\\Documentos\\Projetos\\ecommerce-ms\\bff-api\\src\\services\\order.service.ts": {"path":"C:\\Users\\yurex\\OneDrive\\Documentos\\Projetos\\ecommerce-ms\\bff-api\\src\\services\\order.service.ts","statementMap":{"0":{"start":{"line":1,"column":0},"end":{"line":1,"column":44}},"1":{"start":{"line":2,"column":0},"end":{"line":2,"column":53}},"2":{"start":{"line":3,"column":0},"end":{"line":3,"column":51}},"3":{"start":{"line":4,"column":0},"end":{"line":4,"column":53}},"4":{"start":{"line":7,"column":7},"end":{"line":30,"column":null}},"5":{"start":{"line":9,"column":25},"end":{"line":9,"column":42}},"6":{"start":{"line":10,"column":25},"end":{"line":10,"column":41}},"7":{"start":{"line":11,"column":25},"end":{"line":11,"column":42}},"8":{"start":{"line":16,"column":46},"end":{"line":20,"column":10}},"9":{"start":{"line":22,"column":8},"end":{"line":27,"column":10}},"10":{"start":{"line":7,"column":13},"end":{"line":7,"column":25}},"11":{"start":{"line":7,"column":13},"end":{"line":30,"column":null}}},"fnMap":{"0":{"name":"(anonymous_2)","decl":{"start":{"line":8,"column":4},"end":{"line":8,"column":null}},"loc":{"start":{"line":11,"column":57},"end":{"line":12,"column":9}}},"1":{"name":"(anonymous_3)","decl":{"start":{"line":14,"column":4},"end":{"line":14,"column":9}},"loc":{"start":{"line":14,"column":44},"end":{"line":28,"column":5}}}},"branchMap":{"0":{"loc":{"start":{"line":24,"column":22},"end":{"line":24,"column":77}},"type":"cond-expr","locations":[{"start":{"line":24,"column":56},"end":{"line":24,"column":70}},{"start":{"line":24,"column":73},"end":{"line":24,"column":77}}]},"1":{"loc":{"start":{"line":25,"column":21},"end":{"line":25,"column":91}},"type":"cond-expr","locations":[{"start":{"line":25,"column":54},"end":{"line":25,"column":67}},{"start":{"line":25,"column":70},"end":{"line":25,"column":91}}]},"2":{"loc":{"start":{"line":26,"column":22},"end":{"line":26,"column":94}},"type":"cond-expr","locations":[{"start":{"line":26,"column":56},"end":{"line":26,"column":70}},{"start":{"line":26,"column":73},"end":{"line":26,"column":94}}]}},"s":{"0":1,"1":1,"2":1,"3":1,"4":1,"5":0,"6":0,"7":0,"8":0,"9":0,"10":1,"11":1},"f":{"0":0,"1":0},"b":{"0":[0,0],"1":[0,0],"2":[0,0]}}
,"C:\\Users\\yurex\\OneDrive\\Documentos\\Projetos\\ecommerce-ms\\bff-api\\src\\services\\payment.service.ts": {"path":"C:\\Users\\yurex\\OneDrive\\Documentos\\Projetos\\ecommerce-ms\\bff-api\\src\\services\\payment.service.ts","statementMap":{"0":{"start":{"line":1,"column":0},"end":{"line":1,"column":44}},"1":{"start":{"line":2,"column":0},"end":{"line":2,"column":44}},"2":{"start":{"line":5,"column":7},"end":{"line":26,"column":null}},"3":{"start":{"line":7,"column":33},"end":{"line":7,"column":39}},"4":{"start":{"line":6,"column":21},"end":{"line":6,"column":null}},"5":{"start":{"line":10,"column":25},"end":{"line":11,"column":null}},"6":{"start":{"line":13,"column":8},"end":{"line":13,"column":20}},"7":{"start":{"line":16,"column":22},"end":{"line":16,"column":32}},"8":{"start":{"line":17,"column":25},"end":{"line":18,"column":null}},"9":{"start":{"line":20,"column":8},"end":{"line":24,"column":10}},"10":{"start":{"line":5,"column":13},"end":{"line":5,"column":27}},"11":{"start":{"line":5,"column":13},"end":{"line":26,"column":null}}},"fnMap":{"0":{"name":"(anonymous_2)","decl":{"start":{"line":7,"column":4},"end":{"line":7,"column":33}},"loc":{"start":{"line":7,"column":50},"end":{"line":7,"column":55}}},"1":{"name":"(anonymous_3)","decl":{"start":{"line":9,"column":4},"end":{"line":9,"column":9}},"loc":{"start":{"line":9,"column":42},"end":{"line":14,"column":5}}},"2":{"name":"(anonymous_4)","decl":{"start":{"line":15,"column":4},"end":{"line":15,"column":9}},"loc":{"start":{"line":15,"column":16},"end":{"line":25,"column":5}}}},"branchMap":{},"s":{"0":2,"1":2,"2":2,"3":0,"4":0,"5":0,"6":0,"7":0,"8":0,"9":0,"10":2,"11":2},"f":{"0":0,"1":0,"2":0},"b":{}}
,"C:\\Users\\yurex\\OneDrive\\Documentos\\Projetos\\ecommerce-ms\\bff-api\\src\\services\\shipping.service.ts": {"path":"C:\\Users\\yurex\\OneDrive\\Documentos\\Projetos\\ecommerce-ms\\bff-api\\src\\services\\shipping.service.ts","statementMap":{"0":{"start":{"line":1,"column":0},"end":{"line":1,"column":44}},"1":{"start":{"line":2,"column":0},"end":{"line":2,"column":44}},"2":{"start":{"line":5,"column":7},"end":{"line":26,"column":null}},"3":{"start":{"line":7,"column":33},"end":{"line":7,"column":39}},"4":{"start":{"line":6,"column":21},"end":{"line":6,"column":null}},"5":{"start":{"line":10,"column":25},"end":{"line":11,"column":null}},"6":{"start":{"line":13,"column":8},"end":{"line":13,"column":20}},"7":{"start":{"line":16,"column":22},"end":{"line":16,"column":32}},"8":{"start":{"line":17,"column":25},"end":{"line":18,"column":null}},"9":{"start":{"line":20,"column":8},"end":{"line":24,"column":10}},"10":{"start":{"line":5,"column":13},"end":{"line":5,"column":28}},"11":{"start":{"line":5,"column":13},"end":{"line":26,"column":null}}},"fnMap":{"0":{"name":"(anonymous_2)","decl":{"start":{"line":7,"column":4},"end":{"line":7,"column":33}},"loc":{"start":{"line":7,"column":50},"end":{"line":7,"column":55}}},"1":{"name":"(anonymous_3)","decl":{"start":{"line":9,"column":4},"end":{"line":9,"column":9}},"loc":{"start":{"line":9,"column":43},"end":{"line":14,"column":5}}},"2":{"name":"(anonymous_4)","decl":{"start":{"line":15,"column":4},"end":{"line":15,"column":9}},"loc":{"start":{"line":15,"column":16},"end":{"line":25,"column":5}}}},"branchMap":{},"s":{"0":2,"1":2,"2":2,"3":0,"4":0,"5":0,"6":0,"7":0,"8":0,"9":0,"10":2,"11":2},"f":{"0":0,"1":0,"2":0},"b":{}}
}
