TN:
SF:src\controllers\checkout.controller.ts
FN:8,(anonymous_4)
FN:14,(anonymous_5)
FNF:2
FNH:2
FNDA:1,(anonymous_4)
FNDA:1,(anonymous_5)
DA:1,1
DA:2,1
DA:3,1
DA:7,1
DA:8,1
DA:14,1
DA:15,1
LF:7
LH:7
BRF:0
BRH:0
end_of_record
TN:
SF:src\controllers\order.controller.ts
FN:11,(anonymous_4)
FN:19,(anonymous_5)
FN:26,(anonymous_6)
FN:33,(anonymous_7)
FNF:4
FNH:4
FNDA:3,(anonymous_4)
FNDA:1,(anonymous_5)
FNDA:1,(anonymous_6)
FNDA:1,(anonymous_7)
DA:1,1
DA:2,1
DA:3,1
DA:4,1
DA:5,1
DA:6,1
DA:10,1
DA:12,3
DA:13,3
DA:19,1
DA:20,1
DA:26,1
DA:27,1
DA:33,1
DA:35,1
LF:15
LH:15
BRF:0
BRH:0
end_of_record
TN:
SF:src\controllers\payment.controller.ts
FN:8,(anonymous_4)
FN:13,(anonymous_5)
FNF:2
FNH:2
FNDA:1,(anonymous_4)
FNDA:2,(anonymous_5)
DA:1,1
DA:2,1
DA:3,1
DA:7,1
DA:8,1
DA:13,1
DA:14,2
LF:7
LH:7
BRF:0
BRH:0
end_of_record
TN:
SF:src\controllers\shipping.controller.ts
FN:8,(anonymous_4)
FN:13,(anonymous_5)
FNF:2
FNH:2
FNDA:1,(anonymous_4)
FNDA:1,(anonymous_5)
DA:1,1
DA:2,1
DA:3,1
DA:7,1
DA:8,1
DA:13,1
DA:14,1
LF:7
LH:7
BRF:0
BRH:0
end_of_record
TN:
SF:src\dto\create-checkout.dto.ts
FNF:0
FNH:0
DA:1,1
DA:2,1
DA:4,1
DA:7,1
DA:17,1
DA:21,1
LF:6
LH:6
BRF:0
BRH:0
end_of_record
TN:
SF:src\dto\order-status.enum.ts
FN:1,(anonymous_0)
FNF:1
FNH:1
FNDA:1,(anonymous_0)
DA:1,1
DA:2,1
DA:3,1
DA:4,1
DA:5,1
DA:6,1
LF:6
LH:6
BRDA:1,0,0,1
BRDA:1,0,1,1
BRF:2
BRH:2
end_of_record
TN:
SF:src\dto\update-orderStatus.dto.ts
FNF:0
FNH:0
DA:1,1
DA:2,1
DA:3,1
DA:5,1
DA:11,1
LF:5
LH:5
BRF:0
BRH:0
end_of_record
TN:
SF:src\services\checkout.service.ts
FN:8,(anonymous_2)
FN:10,(anonymous_3)
FN:18,(anonymous_4)
FN:25,(anonymous_5)
FN:33,(anonymous_6)
FNF:5
FNH:0
FNDA:0,(anonymous_2)
FNDA:0,(anonymous_3)
FNDA:0,(anonymous_4)
FNDA:0,(anonymous_5)
FNDA:0,(anonymous_6)
DA:1,2
DA:2,2
DA:6,2
DA:7,0
DA:8,0
DA:11,0
DA:15,0
DA:19,0
DA:22,0
DA:26,0
DA:30,0
DA:34,0
DA:35,0
DA:38,0
LF:14
LH:3
BRF:0
BRH:0
end_of_record
TN:
SF:src\services\order.service.ts
FN:8,(anonymous_2)
FN:14,(anonymous_3)
FNF:2
FNH:0
FNDA:0,(anonymous_2)
FNDA:0,(anonymous_3)
DA:1,1
DA:2,1
DA:3,1
DA:4,1
DA:7,1
DA:9,0
DA:10,0
DA:11,0
DA:16,0
DA:22,0
LF:10
LH:5
BRDA:24,0,0,0
BRDA:24,0,1,0
BRDA:25,1,0,0
BRDA:25,1,1,0
BRDA:26,2,0,0
BRDA:26,2,1,0
BRF:6
BRH:0
end_of_record
TN:
SF:src\services\payment.service.ts
FN:7,(anonymous_2)
FN:9,(anonymous_3)
FN:15,(anonymous_4)
FNF:3
FNH:0
FNDA:0,(anonymous_2)
FNDA:0,(anonymous_3)
FNDA:0,(anonymous_4)
DA:1,2
DA:2,2
DA:5,2
DA:6,0
DA:7,0
DA:10,0
DA:13,0
DA:16,0
DA:17,0
DA:20,0
LF:10
LH:3
BRF:0
BRH:0
end_of_record
TN:
SF:src\services\shipping.service.ts
FN:7,(anonymous_2)
FN:9,(anonymous_3)
FN:15,(anonymous_4)
FNF:3
FNH:0
FNDA:0,(anonymous_2)
FNDA:0,(anonymous_3)
FNDA:0,(anonymous_4)
DA:1,2
DA:2,2
DA:5,2
DA:6,0
DA:7,0
DA:10,0
DA:13,0
DA:16,0
DA:17,0
DA:20,0
LF:10
LH:3
BRF:0
BRH:0
end_of_record
