<?xml version="1.0" encoding="UTF-8"?>
<coverage generated="1764915354693" clover="3.2.0">
  <project timestamp="1764915354694" name="All files">
    <metrics statements="58" coveredstatements="55" conditionals="2" coveredconditionals="2" methods="17" coveredmethods="14" elements="77" coveredelements="71" complexity="0" loc="58" ncloc="58" packages="7" files="10" classes="10"/>
    <package name="src.checkouts">
      <metrics statements="15" coveredstatements="14" conditionals="0" coveredconditionals="0" methods="4" coveredmethods="3"/>
      <file name="checkout.controller.ts" path="C:\Users\yurex\OneDrive\Documentos\Projetos\ecommerce-ms\checkout-svc\src\checkouts\checkout.controller.ts">
        <metrics statements="15" coveredstatements="14" conditionals="0" coveredconditionals="0" methods="4" coveredmethods="3"/>
        <line num="1" count="2" type="stmt"/>
        <line num="2" count="2" type="stmt"/>
        <line num="3" count="2" type="stmt"/>
        <line num="4" count="2" type="stmt"/>
        <line num="8" count="2" type="stmt"/>
        <line num="10" count="3" type="stmt"/>
        <line num="11" count="3" type="stmt"/>
        <line num="12" count="3" type="stmt"/>
        <line num="16" count="2" type="stmt"/>
        <line num="17" count="2" type="stmt"/>
        <line num="18" count="2" type="stmt"/>
        <line num="22" count="2" type="stmt"/>
        <line num="23" count="2" type="stmt"/>
        <line num="27" count="2" type="stmt"/>
        <line num="29" count="0" type="stmt"/>
      </file>
    </package>
    <package name="src.checkouts.models">
      <metrics statements="4" coveredstatements="3" conditionals="0" coveredconditionals="0" methods="1" coveredmethods="0"/>
      <file name="checkout.model.ts" path="C:\Users\yurex\OneDrive\Documentos\Projetos\ecommerce-ms\checkout-svc\src\checkouts\models\checkout.model.ts">
        <metrics statements="4" coveredstatements="3" conditionals="0" coveredconditionals="0" methods="1" coveredmethods="0"/>
        <line num="1" count="1" type="stmt"/>
        <line num="21" count="1" type="stmt"/>
        <line num="26" count="0" type="stmt"/>
        <line num="56" count="1" type="stmt"/>
      </file>
    </package>
    <package name="src.checkouts.useCases">
      <metrics statements="23" coveredstatements="23" conditionals="0" coveredconditionals="0" methods="6" coveredmethods="6"/>
      <file name="create-checkout.usecase.ts" path="C:\Users\yurex\OneDrive\Documentos\Projetos\ecommerce-ms\checkout-svc\src\checkouts\useCases\create-checkout.usecase.ts">
        <metrics statements="9" coveredstatements="9" conditionals="0" coveredconditionals="0" methods="2" coveredmethods="2"/>
        <line num="1" count="3" type="stmt"/>
        <line num="2" count="3" type="stmt"/>
        <line num="3" count="3" type="stmt"/>
        <line num="9" count="3" type="stmt"/>
        <line num="11" count="1" type="stmt"/>
        <line num="12" count="1" type="stmt"/>
        <line num="16" count="1" type="stmt"/>
        <line num="21" count="1" type="stmt"/>
        <line num="23" count="1" type="stmt"/>
      </file>
      <file name="get-checkout.usecase.ts" path="C:\Users\yurex\OneDrive\Documentos\Projetos\ecommerce-ms\checkout-svc\src\checkouts\useCases\get-checkout.usecase.ts">
        <metrics statements="6" coveredstatements="6" conditionals="0" coveredconditionals="0" methods="2" coveredmethods="2"/>
        <line num="1" count="3" type="stmt"/>
        <line num="2" count="3" type="stmt"/>
        <line num="7" count="3" type="stmt"/>
        <line num="9" count="1" type="stmt"/>
        <line num="13" count="2" type="stmt"/>
        <line num="14" count="2" type="stmt"/>
      </file>
      <file name="update-checkout.usecase.ts" path="C:\Users\yurex\OneDrive\Documentos\Projetos\ecommerce-ms\checkout-svc\src\checkouts\useCases\update-checkout.usecase.ts">
        <metrics statements="8" coveredstatements="8" conditionals="0" coveredconditionals="0" methods="2" coveredmethods="2"/>
        <line num="1" count="3" type="stmt"/>
        <line num="2" count="3" type="stmt"/>
        <line num="3" count="3" type="stmt"/>
        <line num="8" count="3" type="stmt"/>
        <line num="10" count="1" type="stmt"/>
        <line num="11" count="1" type="stmt"/>
        <line num="15" count="2" type="stmt"/>
        <line num="19" count="1" type="stmt"/>
      </file>
    </package>
    <package name="src.events">
      <metrics statements="1" coveredstatements="1" conditionals="0" coveredconditionals="0" methods="0" coveredmethods="0"/>
      <file name="IMessageBroker.ts" path="C:\Users\yurex\OneDrive\Documentos\Projetos\ecommerce-ms\checkout-svc\src\events\IMessageBroker.ts">
        <metrics statements="1" coveredstatements="1" conditionals="0" coveredconditionals="0" methods="0" coveredmethods="0"/>
        <line num="8" count="4" type="stmt"/>
      </file>
    </package>
    <package name="src.repositories">
      <metrics statements="1" coveredstatements="1" conditionals="0" coveredconditionals="0" methods="0" coveredmethods="0"/>
      <file name="ICheckoutRepository.ts" path="C:\Users\yurex\OneDrive\Documentos\Projetos\ecommerce-ms\checkout-svc\src\repositories\ICheckoutRepository.ts">
        <metrics statements="1" coveredstatements="1" conditionals="0" coveredconditionals="0" methods="0" coveredmethods="0"/>
        <line num="9" count="5" type="stmt"/>
      </file>
    </package>
    <package name="src.repositories.implementations">
      <metrics statements="10" coveredstatements="10" conditionals="2" coveredconditionals="2" methods="3" coveredmethods="3"/>
      <file name="DBCheckoutRepository.ts" path="C:\Users\yurex\OneDrive\Documentos\Projetos\ecommerce-ms\checkout-svc\src\repositories\implementations\DBCheckoutRepository.ts">
        <metrics statements="10" coveredstatements="10" conditionals="2" coveredconditionals="2" methods="3" coveredmethods="3"/>
        <line num="1" count="1" type="stmt"/>
        <line num="5" count="1" type="stmt"/>
        <line num="7" count="2" type="stmt"/>
        <line num="8" count="2" type="stmt"/>
        <line num="9" count="1" type="stmt"/>
        <line num="16" count="2" type="stmt"/>
        <line num="17" count="2" type="cond" truecount="2" falsecount="0"/>
        <line num="21" count="3" type="stmt"/>
        <line num="25" count="2" type="stmt"/>
        <line num="26" count="2" type="stmt"/>
      </file>
    </package>
    <package name="test.mock">
      <metrics statements="4" coveredstatements="3" conditionals="0" coveredconditionals="0" methods="3" coveredmethods="2"/>
      <file name="CheckoutRepositoryMock.ts" path="C:\Users\yurex\OneDrive\Documentos\Projetos\ecommerce-ms\checkout-svc\test\mock\CheckoutRepositoryMock.ts">
        <metrics statements="1" coveredstatements="1" conditionals="0" coveredconditionals="0" methods="1" coveredmethods="1"/>
        <line num="4" count="3" type="stmt"/>
      </file>
      <file name="MessageBrokerMock.ts" path="C:\Users\yurex\OneDrive\Documentos\Projetos\ecommerce-ms\checkout-svc\test\mock\MessageBrokerMock.ts">
        <metrics statements="3" coveredstatements="2" conditionals="0" coveredconditionals="0" methods="2" coveredmethods="1"/>
        <line num="3" count="2" type="stmt"/>
        <line num="5" count="2" type="stmt"/>
        <line num="8" count="0" type="stmt"/>
      </file>
    </package>
  </project>
</coverage>
