{"C:\\Users\\yurex\\OneDrive\\Documentos\\Projetos\\ecommerce-ms\\checkout-svc\\src\\checkouts\\checkout.controller.ts": {"path":"C:\\Users\\yurex\\OneDrive\\Documentos\\Projetos\\ecommerce-ms\\checkout-svc\\src\\checkouts\\checkout.controller.ts","statementMap":{"0":{"start":{"line":1,"column":0},"end":{"line":1,"column":75}},"1":{"start":{"line":2,"column":0},"end":{"line":2,"column":75}},"2":{"start":{"line":3,"column":0},"end":{"line":3,"column":69}},"3":{"start":{"line":4,"column":0},"end":{"line":4,"column":75}},"4":{"start":{"line":8,"column":7},"end":{"line":31,"column":null}},"5":{"start":{"line":10,"column":25},"end":{"line":10,"column":41}},"6":{"start":{"line":11,"column":25},"end":{"line":11,"column":38}},"7":{"start":{"line":12,"column":25},"end":{"line":12,"column":41}},"8":{"start":{"line":17,"column":25},"end":{"line":17,"column":64}},"9":{"start":{"line":18,"column":8},"end":{"line":18,"column":68}},"10":{"start":{"line":23,"column":8},"end":{"line":23,"column":44}},"11":{"start":{"line":29,"column":8},"end":{"line":29,"column":60}},"12":{"start":{"line":8,"column":13},"end":{"line":8,"column":31}},"13":{"start":{"line":16,"column":10},"end":{"line":19,"column":null}},"14":{"start":{"line":22,"column":10},"end":{"line":24,"column":null}},"15":{"start":{"line":27,"column":10},"end":{"line":30,"column":null}},"16":{"start":{"line":8,"column":13},"end":{"line":31,"column":null}}},"fnMap":{"0":{"name":"(anonymous_4)","decl":{"start":{"line":9,"column":4},"end":{"line":9,"column":null}},"loc":{"start":{"line":12,"column":62},"end":{"line":13,"column":9}}},"1":{"name":"(anonymous_5)","decl":{"start":{"line":16,"column":10},"end":{"line":16,"column":16}},"loc":{"start":{"line":16,"column":34},"end":{"line":19,"column":5}}},"2":{"name":"(anonymous_6)","decl":{"start":{"line":22,"column":10},"end":{"line":22,"column":25}},"loc":{"start":{"line":22,"column":49},"end":{"line":24,"column":5}}},"3":{"name":"(anonymous_7)","decl":{"start":{"line":27,"column":10},"end":{"line":27,"column":22}},"loc":{"start":{"line":28,"column":42},"end":{"line":30,"column":5}}}},"branchMap":{},"s":{"0":2,"1":2,"2":2,"3":2,"4":2,"5":3,"6":3,"7":3,"8":2,"9":2,"10":2,"11":0,"12":2,"13":2,"14":2,"15":2,"16":2},"f":{"0":3,"1":2,"2":2,"3":0},"b":{}}
,"C:\\Users\\yurex\\OneDrive\\Documentos\\Projetos\\ecommerce-ms\\checkout-svc\\src\\checkouts\\models\\checkout.model.ts": {"path":"C:\\Users\\yurex\\OneDrive\\Documentos\\Projetos\\ecommerce-ms\\checkout-svc\\src\\checkouts\\models\\checkout.model.ts","statementMap":{"0":{"start":{"line":1,"column":0},"end":{"line":1,"column":51}},"1":{"start":{"line":21,"column":13},"end":{"line":54,"column":2}},"2":{"start":{"line":26,"column":27},"end":{"line":26,"column":46}},"3":{"start":{"line":56,"column":13},"end":{"line":59,"column":2}}},"fnMap":{"0":{"name":"(anonymous_0)","decl":{"start":{"line":26,"column":21},"end":{"line":26,"column":24}},"loc":{"start":{"line":26,"column":27},"end":{"line":26,"column":46}}}},"branchMap":{},"s":{"0":1,"1":1,"2":0,"3":1},"f":{"0":0},"b":{}}
,"C:\\Users\\yurex\\OneDrive\\Documentos\\Projetos\\ecommerce-ms\\checkout-svc\\src\\checkouts\\useCases\\create-checkout.usecase.ts": {"path":"C:\\Users\\yurex\\OneDrive\\Documentos\\Projetos\\ecommerce-ms\\checkout-svc\\src\\checkouts\\useCases\\create-checkout.usecase.ts","statementMap":{"0":{"start":{"line":1,"column":0},"end":{"line":1,"column":52}},"1":{"start":{"line":2,"column":0},"end":{"line":2,"column":61}},"2":{"start":{"line":3,"column":0},"end":{"line":3,"column":77}},"3":{"start":{"line":9,"column":7},"end":{"line":25,"column":null}},"4":{"start":{"line":11,"column":54},"end":{"line":11,"column":93}},"5":{"start":{"line":12,"column":49},"end":{"line":12,"column":78}},"6":{"start":{"line":16,"column":25},"end":{"line":18,"column":null}},"7":{"start":{"line":21,"column":8},"end":{"line":21,"column":null}},"8":{"start":{"line":23,"column":8},"end":{"line":23,"column":null}},"9":{"start":{"line":9,"column":13},"end":{"line":9,"column":34}},"10":{"start":{"line":9,"column":13},"end":{"line":25,"column":null}}},"fnMap":{"0":{"name":"(anonymous_4)","decl":{"start":{"line":10,"column":4},"end":{"line":10,"column":null}},"loc":{"start":{"line":12,"column":78},"end":{"line":13,"column":9}}},"1":{"name":"(anonymous_5)","decl":{"start":{"line":15,"column":4},"end":{"line":15,"column":9}},"loc":{"start":{"line":15,"column":41},"end":{"line":24,"column":5}}}},"branchMap":{},"s":{"0":3,"1":3,"2":3,"3":3,"4":1,"5":1,"6":1,"7":1,"8":1,"9":3,"10":3},"f":{"0":1,"1":1},"b":{}}
,"C:\\Users\\yurex\\OneDrive\\Documentos\\Projetos\\ecommerce-ms\\checkout-svc\\src\\checkouts\\useCases\\get-checkout.usecase.ts": {"path":"C:\\Users\\yurex\\OneDrive\\Documentos\\Projetos\\ecommerce-ms\\checkout-svc\\src\\checkouts\\useCases\\get-checkout.usecase.ts","statementMap":{"0":{"start":{"line":1,"column":0},"end":{"line":1,"column":52}},"1":{"start":{"line":2,"column":0},"end":{"line":2,"column":77}},"2":{"start":{"line":7,"column":7},"end":{"line":16,"column":null}},"3":{"start":{"line":9,"column":54},"end":{"line":9,"column":93}},"4":{"start":{"line":13,"column":25},"end":{"line":13,"column":67}},"5":{"start":{"line":14,"column":8},"end":{"line":14,"column":null}},"6":{"start":{"line":7,"column":13},"end":{"line":7,"column":31}},"7":{"start":{"line":7,"column":13},"end":{"line":16,"column":null}}},"fnMap":{"0":{"name":"(anonymous_4)","decl":{"start":{"line":8,"column":4},"end":{"line":8,"column":null}},"loc":{"start":{"line":9,"column":93},"end":{"line":10,"column":9}}},"1":{"name":"(anonymous_5)","decl":{"start":{"line":12,"column":4},"end":{"line":12,"column":9}},"loc":{"start":{"line":12,"column":28},"end":{"line":15,"column":5}}}},"branchMap":{},"s":{"0":3,"1":3,"2":3,"3":1,"4":2,"5":2,"6":3,"7":3},"f":{"0":1,"1":2},"b":{}}
,"C:\\Users\\yurex\\OneDrive\\Documentos\\Projetos\\ecommerce-ms\\checkout-svc\\src\\checkouts\\useCases\\update-checkout.usecase.ts": {"path":"C:\\Users\\yurex\\OneDrive\\Documentos\\Projetos\\ecommerce-ms\\checkout-svc\\src\\checkouts\\useCases\\update-checkout.usecase.ts","statementMap":{"0":{"start":{"line":1,"column":0},"end":{"line":1,"column":52}},"1":{"start":{"line":2,"column":0},"end":{"line":2,"column":61}},"2":{"start":{"line":3,"column":0},"end":{"line":3,"column":77}},"3":{"start":{"line":8,"column":7},"end":{"line":21,"column":null}},"4":{"start":{"line":10,"column":54},"end":{"line":10,"column":93}},"5":{"start":{"line":11,"column":49},"end":{"line":11,"column":78}},"6":{"start":{"line":15,"column":25},"end":{"line":16,"column":null}},"7":{"start":{"line":19,"column":8},"end":{"line":19,"column":null}},"8":{"start":{"line":8,"column":13},"end":{"line":8,"column":34}},"9":{"start":{"line":8,"column":13},"end":{"line":21,"column":null}}},"fnMap":{"0":{"name":"(anonymous_4)","decl":{"start":{"line":9,"column":4},"end":{"line":9,"column":null}},"loc":{"start":{"line":11,"column":78},"end":{"line":12,"column":9}}},"1":{"name":"(anonymous_5)","decl":{"start":{"line":14,"column":4},"end":{"line":14,"column":9}},"loc":{"start":{"line":14,"column":56},"end":{"line":20,"column":5}}}},"branchMap":{},"s":{"0":3,"1":3,"2":3,"3":3,"4":1,"5":1,"6":2,"7":1,"8":3,"9":3},"f":{"0":1,"1":2},"b":{}}
,"C:\\Users\\yurex\\OneDrive\\Documentos\\Projetos\\ecommerce-ms\\checkout-svc\\src\\events\\IMessageBroker.ts": {"path":"C:\\Users\\yurex\\OneDrive\\Documentos\\Projetos\\ecommerce-ms\\checkout-svc\\src\\events\\IMessageBroker.ts","statementMap":{"0":{"start":{"line":8,"column":13},"end":{"line":8,"column":55}}},"fnMap":{},"branchMap":{},"s":{"0":4},"f":{},"b":{}}
,"C:\\Users\\yurex\\OneDrive\\Documentos\\Projetos\\ecommerce-ms\\checkout-svc\\src\\repositories\\ICheckoutRepository.ts": {"path":"C:\\Users\\yurex\\OneDrive\\Documentos\\Projetos\\ecommerce-ms\\checkout-svc\\src\\repositories\\ICheckoutRepository.ts","statementMap":{"0":{"start":{"line":9,"column":13},"end":{"line":9,"column":65}}},"fnMap":{},"branchMap":{},"s":{"0":5},"f":{},"b":{}}
,"C:\\Users\\yurex\\OneDrive\\Documentos\\Projetos\\ecommerce-ms\\checkout-svc\\src\\repositories\\implementations\\DBCheckoutRepository.ts": {"path":"C:\\Users\\yurex\\OneDrive\\Documentos\\Projetos\\ecommerce-ms\\checkout-svc\\src\\repositories\\implementations\\DBCheckoutRepository.ts","statementMap":{"0":{"start":{"line":1,"column":0},"end":{"line":1,"column":70}},"1":{"start":{"line":7,"column":8},"end":{"line":12,"column":9}},"2":{"start":{"line":8,"column":29},"end":{"line":8,"column":61}},"3":{"start":{"line":9,"column":12},"end":{"line":9,"column":49}},"4":{"start":{"line":16,"column":25},"end":{"line":16,"column":60}},"5":{"start":{"line":17,"column":8},"end":{"line":17,"column":63}},"6":{"start":{"line":21,"column":8},"end":{"line":24,"column":10}},"7":{"start":{"line":25,"column":25},"end":{"line":25,"column":60}},"8":{"start":{"line":26,"column":8},"end":{"line":26,"column":45}},"9":{"start":{"line":5,"column":0},"end":{"line":5,"column":13}}},"fnMap":{"0":{"name":"(anonymous_0)","decl":{"start":{"line":6,"column":4},"end":{"line":6,"column":9}},"loc":{"start":{"line":6,"column":71},"end":{"line":13,"column":5}}},"1":{"name":"(anonymous_1)","decl":{"start":{"line":15,"column":4},"end":{"line":15,"column":9}},"loc":{"start":{"line":15,"column":29},"end":{"line":18,"column":5}}},"2":{"name":"(anonymous_2)","decl":{"start":{"line":20,"column":4},"end":{"line":20,"column":9}},"loc":{"start":{"line":20,"column":61},"end":{"line":27,"column":5}}}},"branchMap":{"0":{"loc":{"start":{"line":17,"column":15},"end":{"line":17,"column":62}},"type":"cond-expr","locations":[{"start":{"line":17,"column":26},"end":{"line":17,"column":55}},{"start":{"line":17,"column":58},"end":{"line":17,"column":62}}]}},"s":{"0":1,"1":2,"2":2,"3":1,"4":2,"5":2,"6":3,"7":2,"8":2,"9":1},"f":{"0":2,"1":2,"2":3},"b":{"0":[1,1]}}
,"C:\\Users\\yurex\\OneDrive\\Documentos\\Projetos\\ecommerce-ms\\checkout-svc\\test\\mock\\CheckoutRepositoryMock.ts": {"path":"C:\\Users\\yurex\\OneDrive\\Documentos\\Projetos\\ecommerce-ms\\checkout-svc\\test\\mock\\CheckoutRepositoryMock.ts","statementMap":{"0":{"start":{"line":4,"column":38},"end":{"line":8,"column":2}},"1":{"start":{"line":4,"column":79},"end":{"line":8,"column":2}},"2":{"start":{"line":4,"column":13},"end":{"line":4,"column":38}}},"fnMap":{"0":{"name":"(anonymous_0)","decl":{"start":{"line":4,"column":38},"end":{"line":4,"column":75}},"loc":{"start":{"line":4,"column":79},"end":{"line":8,"column":2}}}},"branchMap":{},"s":{"0":3,"1":3,"2":3},"f":{"0":3},"b":{}}
,"C:\\Users\\yurex\\OneDrive\\Documentos\\Projetos\\ecommerce-ms\\checkout-svc\\test\\mock\\MessageBrokerMock.ts": {"path":"C:\\Users\\yurex\\OneDrive\\Documentos\\Projetos\\ecommerce-ms\\checkout-svc\\test\\mock\\MessageBrokerMock.ts","statementMap":{"0":{"start":{"line":3,"column":74},"end":{"line":3,"column":76}},"1":{"start":{"line":5,"column":33},"end":{"line":11,"column":2}},"2":{"start":{"line":5,"column":69},"end":{"line":11,"column":2}},"3":{"start":{"line":8,"column":8},"end":{"line":8,"column":30}},"4":{"start":{"line":5,"column":13},"end":{"line":5,"column":33}}},"fnMap":{"0":{"name":"(anonymous_0)","decl":{"start":{"line":5,"column":33},"end":{"line":5,"column":65}},"loc":{"start":{"line":5,"column":69},"end":{"line":11,"column":2}}},"1":{"name":"(anonymous_1)","decl":{"start":{"line":7,"column":42},"end":{"line":7,"column":47}},"loc":{"start":{"line":7,"column":128},"end":{"line":9,"column":5}}}},"branchMap":{},"s":{"0":2,"1":2,"2":2,"3":0,"4":2},"f":{"0":2,"1":0},"b":{}}
}
