TN:
SF:src\checkouts\checkout.controller.ts
FN:9,(anonymous_4)
FN:16,(anonymous_5)
FN:22,(anonymous_6)
FN:27,(anonymous_7)
FNF:4
FNH:3
FNDA:3,(anonymous_4)
FNDA:2,(anonymous_5)
FNDA:2,(anonymous_6)
FNDA:0,(anonymous_7)
DA:1,2
DA:2,2
DA:3,2
DA:4,2
DA:8,2
DA:10,3
DA:11,3
DA:12,3
DA:16,2
DA:17,2
DA:18,2
DA:22,2
DA:23,2
DA:27,2
DA:29,0
LF:15
LH:14
BRF:0
BRH:0
end_of_record
TN:
SF:src\checkouts\models\checkout.model.ts
FN:26,(anonymous_0)
FNF:1
FNH:0
FNDA:0,(anonymous_0)
DA:1,1
DA:21,1
DA:26,0
DA:56,1
LF:4
LH:3
BRF:0
BRH:0
end_of_record
TN:
SF:src\checkouts\useCases\create-checkout.usecase.ts
FN:10,(anonymous_4)
FN:15,(anonymous_5)
FNF:2
FNH:2
FNDA:1,(anonymous_4)
FNDA:1,(anonymous_5)
DA:1,3
DA:2,3
DA:3,3
DA:9,3
DA:11,1
DA:12,1
DA:16,1
DA:21,1
DA:23,1
LF:9
LH:9
BRF:0
BRH:0
end_of_record
TN:
SF:src\checkouts\useCases\get-checkout.usecase.ts
FN:8,(anonymous_4)
FN:12,(anonymous_5)
FNF:2
FNH:2
FNDA:1,(anonymous_4)
FNDA:2,(anonymous_5)
DA:1,3
DA:2,3
DA:7,3
DA:9,1
DA:13,2
DA:14,2
LF:6
LH:6
BRF:0
BRH:0
end_of_record
TN:
SF:src\checkouts\useCases\update-checkout.usecase.ts
FN:9,(anonymous_4)
FN:14,(anonymous_5)
FNF:2
FNH:2
FNDA:1,(anonymous_4)
FNDA:2,(anonymous_5)
DA:1,3
DA:2,3
DA:3,3
DA:8,3
DA:10,1
DA:11,1
DA:15,2
DA:19,1
LF:8
LH:8
BRF:0
BRH:0
end_of_record
TN:
SF:src\events\IMessageBroker.ts
FNF:0
FNH:0
DA:8,4
LF:1
LH:1
BRF:0
BRH:0
end_of_record
TN:
SF:src\repositories\ICheckoutRepository.ts
FNF:0
FNH:0
DA:9,5
LF:1
LH:1
BRF:0
BRH:0
end_of_record
TN:
SF:src\repositories\implementations\DBCheckoutRepository.ts
FN:6,(anonymous_0)
FN:15,(anonymous_1)
FN:20,(anonymous_2)
FNF:3
FNH:3
FNDA:2,(anonymous_0)
FNDA:2,(anonymous_1)
FNDA:3,(anonymous_2)
DA:1,1
DA:5,1
DA:7,2
DA:8,2
DA:9,1
DA:16,2
DA:17,2
DA:21,3
DA:25,2
DA:26,2
LF:10
LH:10
BRDA:17,0,0,1
BRDA:17,0,1,1
BRF:2
BRH:2
end_of_record
TN:
SF:test\mock\CheckoutRepositoryMock.ts
FN:4,(anonymous_0)
FNF:1
FNH:1
FNDA:3,(anonymous_0)
DA:4,3
LF:1
LH:1
BRF:0
BRH:0
end_of_record
TN:
SF:test\mock\MessageBrokerMock.ts
FN:5,(anonymous_0)
FN:7,(anonymous_1)
FNF:2
FNH:1
FNDA:2,(anonymous_0)
FNDA:0,(anonymous_1)
DA:3,2
DA:5,2
DA:8,0
LF:3
LH:2
BRF:0
BRH:0
end_of_record
