<?xml version="1.0" encoding="UTF-8"?>
<coverage generated="1764915336052" clover="3.2.0">
  <project timestamp="1764915336053" name="All files">
    <metrics statements="55" coveredstatements="54" conditionals="12" coveredconditionals="10" methods="15" coveredmethods="14" elements="82" coveredelements="78" complexity="0" loc="55" ncloc="55" packages="8" files="11" classes="11"/>
    <package name="src.events">
      <metrics statements="1" coveredstatements="1" conditionals="0" coveredconditionals="0" methods="0" coveredmethods="0"/>
      <file name="IMessageBroker.ts" path="C:\Users\yurex\OneDrive\Documentos\Projetos\ecommerce-ms\payments-svc\src\events\IMessageBroker.ts">
        <metrics statements="1" coveredstatements="1" conditionals="0" coveredconditionals="0" methods="0" coveredmethods="0"/>
        <line num="8" count="2" type="stmt"/>
      </file>
    </package>
    <package name="src.gateways">
      <metrics statements="1" coveredstatements="1" conditionals="0" coveredconditionals="0" methods="0" coveredmethods="0"/>
      <file name="IPaymentGateway.ts" path="C:\Users\yurex\OneDrive\Documentos\Projetos\ecommerce-ms\payments-svc\src\gateways\IPaymentGateway.ts">
        <metrics statements="1" coveredstatements="1" conditionals="0" coveredconditionals="0" methods="0" coveredmethods="0"/>
        <line num="5" count="2" type="stmt"/>
      </file>
    </package>
    <package name="src.payments">
      <metrics statements="6" coveredstatements="6" conditionals="0" coveredconditionals="0" methods="2" coveredmethods="2"/>
      <file name="payment.controller.ts" path="C:\Users\yurex\OneDrive\Documentos\Projetos\ecommerce-ms\payments-svc\src\payments\payment.controller.ts">
        <metrics statements="6" coveredstatements="6" conditionals="0" coveredconditionals="0" methods="2" coveredmethods="2"/>
        <line num="1" count="2" type="stmt"/>
        <line num="2" count="2" type="stmt"/>
        <line num="5" count="2" type="stmt"/>
        <line num="6" count="3" type="stmt"/>
        <line num="9" count="2" type="stmt"/>
        <line num="10" count="3" type="stmt"/>
      </file>
    </package>
    <package name="src.payments.models">
      <metrics statements="4" coveredstatements="3" conditionals="0" coveredconditionals="0" methods="1" coveredmethods="0"/>
      <file name="payment.model.ts" path="C:\Users\yurex\OneDrive\Documentos\Projetos\ecommerce-ms\payments-svc\src\payments\models\payment.model.ts">
        <metrics statements="4" coveredstatements="3" conditionals="0" coveredconditionals="0" methods="1" coveredmethods="0"/>
        <line num="1" count="1" type="stmt"/>
        <line num="19" count="1" type="stmt"/>
        <line num="24" count="0" type="stmt"/>
        <line num="54" count="1" type="stmt"/>
      </file>
    </package>
    <package name="src.payments.useCases">
      <metrics statements="27" coveredstatements="27" conditionals="10" coveredconditionals="8" methods="4" coveredmethods="4"/>
      <file name="GetPaymentUseCase.ts" path="C:\Users\yurex\OneDrive\Documentos\Projetos\ecommerce-ms\payments-svc\src\payments\useCases\GetPaymentUseCase.ts">
        <metrics statements="6" coveredstatements="6" conditionals="0" coveredconditionals="0" methods="2" coveredmethods="2"/>
        <line num="1" count="3" type="stmt"/>
        <line num="2" count="3" type="stmt"/>
        <line num="7" count="3" type="stmt"/>
        <line num="9" count="4" type="stmt"/>
        <line num="13" count="3" type="stmt"/>
        <line num="14" count="3" type="stmt"/>
      </file>
      <file name="ProcessPaymentUseCase.ts" path="C:\Users\yurex\OneDrive\Documentos\Projetos\ecommerce-ms\payments-svc\src\payments\useCases\ProcessPaymentUseCase.ts">
        <metrics statements="21" coveredstatements="21" conditionals="10" coveredconditionals="8" methods="2" coveredmethods="2"/>
        <line num="1" count="2" type="stmt"/>
        <line num="2" count="2" type="stmt"/>
        <line num="4" count="2" type="stmt"/>
        <line num="5" count="2" type="stmt"/>
        <line num="8" count="2" type="stmt"/>
        <line num="10" count="3" type="stmt"/>
        <line num="11" count="3" type="stmt"/>
        <line num="12" count="3" type="stmt"/>
        <line num="15" count="5" type="stmt"/>
        <line num="19" count="5" type="stmt"/>
        <line num="20" count="5" type="stmt"/>
        <line num="21" count="3" type="cond" truecount="2" falsecount="0"/>
        <line num="22" count="3" type="cond" truecount="3" falsecount="1"/>
        <line num="23" count="3" type="stmt"/>
        <line num="24" count="3" type="stmt"/>
        <line num="25" count="3" type="stmt"/>
        <line num="27" count="2" type="stmt"/>
        <line num="28" count="2" type="cond" truecount="3" falsecount="1"/>
        <line num="29" count="2" type="stmt"/>
        <line num="30" count="2" type="stmt"/>
        <line num="31" count="2" type="stmt"/>
      </file>
    </package>
    <package name="src.repositories">
      <metrics statements="1" coveredstatements="1" conditionals="0" coveredconditionals="0" methods="0" coveredmethods="0"/>
      <file name="IPaymentRepository.ts" path="C:\Users\yurex\OneDrive\Documentos\Projetos\ecommerce-ms\payments-svc\src\repositories\IPaymentRepository.ts">
        <metrics statements="1" coveredstatements="1" conditionals="0" coveredconditionals="0" methods="0" coveredmethods="0"/>
        <line num="10" count="4" type="stmt"/>
      </file>
    </package>
    <package name="src.repositories.implementations">
      <metrics statements="12" coveredstatements="12" conditionals="2" coveredconditionals="2" methods="5" coveredmethods="5"/>
      <file name="DBPaymentRepository.ts" path="C:\Users\yurex\OneDrive\Documentos\Projetos\ecommerce-ms\payments-svc\src\repositories\implementations\DBPaymentRepository.ts">
        <metrics statements="12" coveredstatements="12" conditionals="2" coveredconditionals="2" methods="5" coveredmethods="5"/>
        <line num="2" count="1" type="stmt"/>
        <line num="5" count="1" type="stmt"/>
        <line num="7" count="1" type="stmt"/>
        <line num="8" count="1" type="stmt"/>
        <line num="12" count="2" type="stmt"/>
        <line num="13" count="2" type="cond" truecount="2" falsecount="0"/>
        <line num="17" count="2" type="stmt"/>
        <line num="19" count="2" type="stmt"/>
        <line num="20" count="1" type="stmt"/>
        <line num="25" count="2" type="stmt"/>
        <line num="29" count="2" type="stmt"/>
        <line num="30" count="2" type="stmt"/>
      </file>
    </package>
    <package name="test.mocks">
      <metrics statements="3" coveredstatements="3" conditionals="0" coveredconditionals="0" methods="3" coveredmethods="3"/>
      <file name="MessageBrokerMock.ts" path="C:\Users\yurex\OneDrive\Documentos\Projetos\ecommerce-ms\payments-svc\test\mocks\MessageBrokerMock.ts">
        <metrics statements="1" coveredstatements="1" conditionals="0" coveredconditionals="0" methods="1" coveredmethods="1"/>
        <line num="4" count="2" type="stmt"/>
      </file>
      <file name="PaymentGatewayMock.ts" path="C:\Users\yurex\OneDrive\Documentos\Projetos\ecommerce-ms\payments-svc\test\mocks\PaymentGatewayMock.ts">
        <metrics statements="1" coveredstatements="1" conditionals="0" coveredconditionals="0" methods="1" coveredmethods="1"/>
        <line num="3" count="2" type="stmt"/>
      </file>
      <file name="PaymentRepositoryMock.ts" path="C:\Users\yurex\OneDrive\Documentos\Projetos\ecommerce-ms\payments-svc\test\mocks\PaymentRepositoryMock.ts">
        <metrics statements="1" coveredstatements="1" conditionals="0" coveredconditionals="0" methods="1" coveredmethods="1"/>
        <line num="4" count="5" type="stmt"/>
      </file>
    </package>
  </project>
</coverage>
