{"C:\\Users\\yurex\\OneDrive\\Documentos\\Projetos\\ecommerce-ms\\payments-svc\\src\\events\\IMessageBroker.ts": {"path":"C:\\Users\\yurex\\OneDrive\\Documentos\\Projetos\\ecommerce-ms\\payments-svc\\src\\events\\IMessageBroker.ts","statementMap":{"0":{"start":{"line":8,"column":13},"end":{"line":8,"column":55}}},"fnMap":{},"branchMap":{},"s":{"0":2},"f":{},"b":{}}
,"C:\\Users\\yurex\\OneDrive\\Documentos\\Projetos\\ecommerce-ms\\payments-svc\\src\\gateways\\IPaymentGateway.ts": {"path":"C:\\Users\\yurex\\OneDrive\\Documentos\\Projetos\\ecommerce-ms\\payments-svc\\src\\gateways\\IPaymentGateway.ts","statementMap":{"0":{"start":{"line":5,"column":13},"end":{"line":5,"column":57}}},"fnMap":{},"branchMap":{},"s":{"0":2},"f":{},"b":{}}
,"C:\\Users\\yurex\\OneDrive\\Documentos\\Projetos\\ecommerce-ms\\payments-svc\\src\\payments\\payment.controller.ts": {"path":"C:\\Users\\yurex\\OneDrive\\Documentos\\Projetos\\ecommerce-ms\\payments-svc\\src\\payments\\payment.controller.ts","statementMap":{"0":{"start":{"line":1,"column":0},"end":{"line":1,"column":56}},"1":{"start":{"line":2,"column":0},"end":{"line":2,"column":65}},"2":{"start":{"line":5,"column":7},"end":{"line":12,"column":null}},"3":{"start":{"line":6,"column":33},"end":{"line":6,"column":52}},"4":{"start":{"line":10,"column":8},"end":{"line":10,"column":50}},"5":{"start":{"line":5,"column":13},"end":{"line":5,"column":30}},"6":{"start":{"line":9,"column":10},"end":{"line":11,"column":null}},"7":{"start":{"line":5,"column":13},"end":{"line":12,"column":null}}},"fnMap":{"0":{"name":"(anonymous_4)","decl":{"start":{"line":6,"column":4},"end":{"line":6,"column":33}},"loc":{"start":{"line":6,"column":69},"end":{"line":6,"column":74}}},"1":{"name":"(anonymous_5)","decl":{"start":{"line":9,"column":10},"end":{"line":9,"column":24}},"loc":{"start":{"line":9,"column":48},"end":{"line":11,"column":5}}}},"branchMap":{},"s":{"0":2,"1":2,"2":2,"3":3,"4":3,"5":2,"6":2,"7":2},"f":{"0":3,"1":3},"b":{}}
,"C:\\Users\\yurex\\OneDrive\\Documentos\\Projetos\\ecommerce-ms\\payments-svc\\src\\payments\\models\\payment.model.ts": {"path":"C:\\Users\\yurex\\OneDrive\\Documentos\\Projetos\\ecommerce-ms\\payments-svc\\src\\payments\\models\\payment.model.ts","statementMap":{"0":{"start":{"line":1,"column":0},"end":{"line":1,"column":51}},"1":{"start":{"line":19,"column":13},"end":{"line":52,"column":2}},"2":{"start":{"line":24,"column":21},"end":{"line":24,"column":40}},"3":{"start":{"line":54,"column":13},"end":{"line":57,"column":2}}},"fnMap":{"0":{"name":"(anonymous_0)","decl":{"start":{"line":24,"column":15},"end":{"line":24,"column":18}},"loc":{"start":{"line":24,"column":21},"end":{"line":24,"column":40}}}},"branchMap":{},"s":{"0":1,"1":1,"2":0,"3":1},"f":{"0":0},"b":{}}
,"C:\\Users\\yurex\\OneDrive\\Documentos\\Projetos\\ecommerce-ms\\payments-svc\\src\\payments\\useCases\\GetPaymentUseCase.ts": {"path":"C:\\Users\\yurex\\OneDrive\\Documentos\\Projetos\\ecommerce-ms\\payments-svc\\src\\payments\\useCases\\GetPaymentUseCase.ts","statementMap":{"0":{"start":{"line":1,"column":0},"end":{"line":1,"column":52}},"1":{"start":{"line":2,"column":0},"end":{"line":2,"column":75}},"2":{"start":{"line":7,"column":7},"end":{"line":16,"column":null}},"3":{"start":{"line":9,"column":53},"end":{"line":9,"column":90}},"4":{"start":{"line":13,"column":24},"end":{"line":13,"column":73}},"5":{"start":{"line":14,"column":8},"end":{"line":14,"column":23}},"6":{"start":{"line":7,"column":13},"end":{"line":7,"column":30}},"7":{"start":{"line":7,"column":13},"end":{"line":16,"column":null}}},"fnMap":{"0":{"name":"(anonymous_4)","decl":{"start":{"line":8,"column":4},"end":{"line":8,"column":null}},"loc":{"start":{"line":9,"column":90},"end":{"line":10,"column":9}}},"1":{"name":"(anonymous_5)","decl":{"start":{"line":12,"column":4},"end":{"line":12,"column":9}},"loc":{"start":{"line":12,"column":28},"end":{"line":15,"column":5}}}},"branchMap":{},"s":{"0":3,"1":3,"2":3,"3":4,"4":3,"5":3,"6":3,"7":3},"f":{"0":4,"1":3},"b":{}}
,"C:\\Users\\yurex\\OneDrive\\Documentos\\Projetos\\ecommerce-ms\\payments-svc\\src\\payments\\useCases\\ProcessPaymentUseCase.ts": {"path":"C:\\Users\\yurex\\OneDrive\\Documentos\\Projetos\\ecommerce-ms\\payments-svc\\src\\payments\\useCases\\ProcessPaymentUseCase.ts","statementMap":{"0":{"start":{"line":1,"column":0},"end":{"line":1,"column":52}},"1":{"start":{"line":2,"column":0},"end":{"line":2,"column":75}},"2":{"start":{"line":4,"column":0},"end":{"line":4,"column":61}},"3":{"start":{"line":5,"column":0},"end":{"line":5,"column":65}},"4":{"start":{"line":8,"column":7},"end":{"line":34,"column":null}},"5":{"start":{"line":10,"column":53},"end":{"line":10,"column":90}},"6":{"start":{"line":11,"column":49},"end":{"line":11,"column":78}},"7":{"start":{"line":12,"column":50},"end":{"line":12,"column":81}},"8":{"start":{"line":15,"column":22},"end":{"line":17,"column":null}},"9":{"start":{"line":19,"column":8},"end":{"line":32,"column":9}},"10":{"start":{"line":20,"column":27},"end":{"line":20,"column":71}},"11":{"start":{"line":21,"column":12},"end":{"line":21,"column":null}},"12":{"start":{"line":22,"column":12},"end":{"line":22,"column":65}},"13":{"start":{"line":23,"column":12},"end":{"line":23,"column":57}},"14":{"start":{"line":24,"column":12},"end":{"line":24,"column":72}},"15":{"start":{"line":25,"column":12},"end":{"line":25,"column":null}},"16":{"start":{"line":27,"column":12},"end":{"line":27,"column":38}},"17":{"start":{"line":28,"column":12},"end":{"line":28,"column":66}},"18":{"start":{"line":29,"column":12},"end":{"line":29,"column":57}},"19":{"start":{"line":30,"column":12},"end":{"line":30,"column":72}},"20":{"start":{"line":31,"column":12},"end":{"line":31,"column":null}},"21":{"start":{"line":8,"column":13},"end":{"line":8,"column":34}},"22":{"start":{"line":8,"column":13},"end":{"line":34,"column":null}}},"fnMap":{"0":{"name":"(anonymous_4)","decl":{"start":{"line":9,"column":4},"end":{"line":9,"column":null}},"loc":{"start":{"line":12,"column":81},"end":{"line":13,"column":9}}},"1":{"name":"(anonymous_5)","decl":{"start":{"line":14,"column":4},"end":{"line":14,"column":9}},"loc":{"start":{"line":14,"column":41},"end":{"line":33,"column":5}}}},"branchMap":{"0":{"loc":{"start":{"line":21,"column":29},"end":{"line":21,"column":66}},"type":"cond-expr","locations":[{"start":{"line":21,"column":46},"end":{"line":21,"column":55}},{"start":{"line":21,"column":58},"end":{"line":21,"column":66}}]},"1":{"loc":{"start":{"line":22,"column":36},"end":{"line":22,"column":64}},"type":"cond-expr","locations":[{"start":{"line":22,"column":56},"end":{"line":22,"column":60}},{"start":{"line":22,"column":60},"end":{"line":22,"column":64}}]},"2":{"loc":{"start":{"line":22,"column":36},"end":{"line":22,"column":60}},"type":"binary-expr","locations":[{"start":{"line":22,"column":36},"end":{"line":22,"column":60}},{"start":{"line":22,"column":56},"end":{"line":22,"column":60}}]},"3":{"loc":{"start":{"line":28,"column":36},"end":{"line":28,"column":65}},"type":"cond-expr","locations":[{"start":{"line":28,"column":57},"end":{"line":28,"column":61}},{"start":{"line":28,"column":61},"end":{"line":28,"column":65}}]},"4":{"loc":{"start":{"line":28,"column":36},"end":{"line":28,"column":61}},"type":"binary-expr","locations":[{"start":{"line":28,"column":36},"end":{"line":28,"column":61}},{"start":{"line":28,"column":57},"end":{"line":28,"column":61}}]}},"s":{"0":2,"1":2,"2":2,"3":2,"4":2,"5":3,"6":3,"7":3,"8":5,"9":5,"10":5,"11":3,"12":3,"13":3,"14":3,"15":3,"16":2,"17":2,"18":2,"19":2,"20":2,"21":2,"22":2},"f":{"0":3,"1":5},"b":{"0":[2,1],"1":[3,0],"2":[3,3],"3":[0,2],"4":[2,2]}}
,"C:\\Users\\yurex\\OneDrive\\Documentos\\Projetos\\ecommerce-ms\\payments-svc\\src\\repositories\\IPaymentRepository.ts": {"path":"C:\\Users\\yurex\\OneDrive\\Documentos\\Projetos\\ecommerce-ms\\payments-svc\\src\\repositories\\IPaymentRepository.ts","statementMap":{"0":{"start":{"line":10,"column":13},"end":{"line":10,"column":null}}},"fnMap":{},"branchMap":{},"s":{"0":4},"f":{},"b":{}}
,"C:\\Users\\yurex\\OneDrive\\Documentos\\Projetos\\ecommerce-ms\\payments-svc\\src\\repositories\\implementations\\DBPaymentRepository.ts": {"path":"C:\\Users\\yurex\\OneDrive\\Documentos\\Projetos\\ecommerce-ms\\payments-svc\\src\\repositories\\implementations\\DBPaymentRepository.ts","statementMap":{"0":{"start":{"line":2,"column":0},"end":{"line":2,"column":67}},"1":{"start":{"line":7,"column":24},"end":{"line":7,"column":55}},"2":{"start":{"line":8,"column":8},"end":{"line":8,"column":43}},"3":{"start":{"line":12,"column":24},"end":{"line":12,"column":58}},"4":{"start":{"line":13,"column":8},"end":{"line":13,"column":60}},"5":{"start":{"line":17,"column":25},"end":{"line":17,"column":64}},"6":{"start":{"line":19,"column":8},"end":{"line":21,"column":10}},"7":{"start":{"line":20,"column":25},"end":{"line":20,"column":52}},"8":{"start":{"line":25,"column":8},"end":{"line":28,"column":null}},"9":{"start":{"line":29,"column":24},"end":{"line":29,"column":70}},"10":{"start":{"line":30,"column":8},"end":{"line":30,"column":43}},"11":{"start":{"line":5,"column":0},"end":{"line":5,"column":13}}},"fnMap":{"0":{"name":"(anonymous_0)","decl":{"start":{"line":6,"column":4},"end":{"line":6,"column":9}},"loc":{"start":{"line":6,"column":70},"end":{"line":9,"column":5}}},"1":{"name":"(anonymous_1)","decl":{"start":{"line":11,"column":4},"end":{"line":11,"column":9}},"loc":{"start":{"line":11,"column":29},"end":{"line":14,"column":5}}},"2":{"name":"(anonymous_2)","decl":{"start":{"line":16,"column":4},"end":{"line":16,"column":9}},"loc":{"start":{"line":16,"column":45},"end":{"line":22,"column":5}}},"3":{"name":"(anonymous_3)","decl":{"start":{"line":20,"column":12},"end":{"line":20,"column":13}},"loc":{"start":{"line":20,"column":25},"end":{"line":20,"column":52}}},"4":{"name":"(anonymous_4)","decl":{"start":{"line":24,"column":4},"end":{"line":24,"column":9}},"loc":{"start":{"line":24,"column":33},"end":{"line":31,"column":5}}}},"branchMap":{"0":{"loc":{"start":{"line":13,"column":15},"end":{"line":13,"column":59}},"type":"cond-expr","locations":[{"start":{"line":13,"column":25},"end":{"line":13,"column":52}},{"start":{"line":13,"column":55},"end":{"line":13,"column":59}}]}},"s":{"0":1,"1":1,"2":1,"3":2,"4":2,"5":2,"6":2,"7":1,"8":2,"9":2,"10":2,"11":1},"f":{"0":1,"1":2,"2":2,"3":1,"4":2},"b":{"0":[1,1]}}
,"C:\\Users\\yurex\\OneDrive\\Documentos\\Projetos\\ecommerce-ms\\payments-svc\\test\\mocks\\MessageBrokerMock.ts": {"path":"C:\\Users\\yurex\\OneDrive\\Documentos\\Projetos\\ecommerce-ms\\payments-svc\\test\\mocks\\MessageBrokerMock.ts","statementMap":{"0":{"start":{"line":4,"column":33},"end":{"line":8,"column":2}},"1":{"start":{"line":4,"column":69},"end":{"line":8,"column":2}},"2":{"start":{"line":4,"column":13},"end":{"line":4,"column":33}}},"fnMap":{"0":{"name":"(anonymous_0)","decl":{"start":{"line":4,"column":33},"end":{"line":4,"column":65}},"loc":{"start":{"line":4,"column":69},"end":{"line":8,"column":2}}}},"branchMap":{},"s":{"0":2,"1":2,"2":2},"f":{"0":2},"b":{}}
,"C:\\Users\\yurex\\OneDrive\\Documentos\\Projetos\\ecommerce-ms\\payments-svc\\test\\mocks\\PaymentGatewayMock.ts": {"path":"C:\\Users\\yurex\\OneDrive\\Documentos\\Projetos\\ecommerce-ms\\payments-svc\\test\\mocks\\PaymentGatewayMock.ts","statementMap":{"0":{"start":{"line":3,"column":34},"end":{"line":5,"column":2}},"1":{"start":{"line":3,"column":71},"end":{"line":5,"column":2}},"2":{"start":{"line":3,"column":13},"end":{"line":3,"column":34}}},"fnMap":{"0":{"name":"(anonymous_0)","decl":{"start":{"line":3,"column":34},"end":{"line":3,"column":67}},"loc":{"start":{"line":3,"column":71},"end":{"line":5,"column":2}}}},"branchMap":{},"s":{"0":2,"1":2,"2":2},"f":{"0":2},"b":{}}
,"C:\\Users\\yurex\\OneDrive\\Documentos\\Projetos\\ecommerce-ms\\payments-svc\\test\\mocks\\PaymentRepositoryMock.ts": {"path":"C:\\Users\\yurex\\OneDrive\\Documentos\\Projetos\\ecommerce-ms\\payments-svc\\test\\mocks\\PaymentRepositoryMock.ts","statementMap":{"0":{"start":{"line":4,"column":37},"end":{"line":9,"column":2}},"1":{"start":{"line":4,"column":77},"end":{"line":9,"column":2}},"2":{"start":{"line":4,"column":13},"end":{"line":4,"column":37}}},"fnMap":{"0":{"name":"(anonymous_0)","decl":{"start":{"line":4,"column":37},"end":{"line":4,"column":73}},"loc":{"start":{"line":4,"column":77},"end":{"line":9,"column":2}}}},"branchMap":{},"s":{"0":4,"1":5,"2":4},"f":{"0":5},"b":{}}
}
