TN:
SF:src\events\IMessageBroker.ts
FNF:0
FNH:0
DA:8,2
LF:1
LH:1
BRF:0
BRH:0
end_of_record
TN:
SF:src\gateways\IPaymentGateway.ts
FNF:0
FNH:0
DA:5,2
LF:1
LH:1
BRF:0
BRH:0
end_of_record
TN:
SF:src\payments\payment.controller.ts
FN:6,(anonymous_4)
FN:9,(anonymous_5)
FNF:2
FNH:2
FNDA:3,(anonymous_4)
FNDA:3,(anonymous_5)
DA:1,2
DA:2,2
DA:5,2
DA:6,3
DA:9,2
DA:10,3
LF:6
LH:6
BRF:0
BRH:0
end_of_record
TN:
SF:src\payments\models\payment.model.ts
FN:24,(anonymous_0)
FNF:1
FNH:0
FNDA:0,(anonymous_0)
DA:1,1
DA:19,1
DA:24,0
DA:54,1
LF:4
LH:3
BRF:0
BRH:0
end_of_record
TN:
SF:src\payments\useCases\GetPaymentUseCase.ts
FN:8,(anonymous_4)
FN:12,(anonymous_5)
FNF:2
FNH:2
FNDA:4,(anonymous_4)
FNDA:3,(anonymous_5)
DA:1,3
DA:2,3
DA:7,3
DA:9,4
DA:13,3
DA:14,3
LF:6
LH:6
BRF:0
BRH:0
end_of_record
TN:
SF:src\payments\useCases\ProcessPaymentUseCase.ts
FN:9,(anonymous_4)
FN:14,(anonymous_5)
FNF:2
FNH:2
FNDA:3,(anonymous_4)
FNDA:5,(anonymous_5)
DA:1,2
DA:2,2
DA:4,2
DA:5,2
DA:8,2
DA:10,3
DA:11,3
DA:12,3
DA:15,5
DA:19,5
DA:20,5
DA:21,3
DA:22,3
DA:23,3
DA:24,3
DA:25,3
DA:27,2
DA:28,2
DA:29,2
DA:30,2
DA:31,2
LF:21
LH:21
BRDA:21,0,0,2
BRDA:21,0,1,1
BRDA:22,1,0,3
BRDA:22,1,1,0
BRDA:22,2,0,3
BRDA:22,2,1,3
BRDA:28,3,0,0
BRDA:28,3,1,2
BRDA:28,4,0,2
BRDA:28,4,1,2
BRF:10
BRH:8
end_of_record
TN:
SF:src\repositories\IPaymentRepository.ts
FNF:0
FNH:0
DA:10,4
LF:1
LH:1
BRF:0
BRH:0
end_of_record
TN:
SF:src\repositories\implementations\DBPaymentRepository.ts
FN:6,(anonymous_0)
FN:11,(anonymous_1)
FN:16,(anonymous_2)
FN:20,(anonymous_3)
FN:24,(anonymous_4)
FNF:5
FNH:5
FNDA:1,(anonymous_0)
FNDA:2,(anonymous_1)
FNDA:2,(anonymous_2)
FNDA:1,(anonymous_3)
FNDA:2,(anonymous_4)
DA:2,1
DA:5,1
DA:7,1
DA:8,1
DA:12,2
DA:13,2
DA:17,2
DA:19,2
DA:20,1
DA:25,2
DA:29,2
DA:30,2
LF:12
LH:12
BRDA:13,0,0,1
BRDA:13,0,1,1
BRF:2
BRH:2
end_of_record
TN:
SF:test\mocks\MessageBrokerMock.ts
FN:4,(anonymous_0)
FNF:1
FNH:1
FNDA:2,(anonymous_0)
DA:4,2
LF:1
LH:1
BRF:0
BRH:0
end_of_record
TN:
SF:test\mocks\PaymentGatewayMock.ts
FN:3,(anonymous_0)
FNF:1
FNH:1
FNDA:2,(anonymous_0)
DA:3,2
LF:1
LH:1
BRF:0
BRH:0
end_of_record
TN:
SF:test\mocks\PaymentRepositoryMock.ts
FN:4,(anonymous_0)
FNF:1
FNH:1
FNDA:5,(anonymous_0)
DA:4,5
LF:1
LH:1
BRF:0
BRH:0
end_of_record
